<?xml version="1.0" encoding="UTF-8" ?>
<testsuite errors="100" failures="87" hostname="blackhawk" name="RandoopTest" tests="188" time="0.771" timestamp="2013-07-30T22:29:52">
  <properties>
    <property name="java.vendor" value="Oracle Corporation" />
    <property name="sun.java.launcher" value="SUN_STANDARD" />
    <property name="sun.management.compiler" value="HotSpot 64-Bit Tiered Compilers" />
    <property name="emma.filter" value="" />
    <property name="lib" value="C:\Users\Jeanderson\workspace\eclipse\csaferefactor\.\test_data\subject14target\bin" />
    <property name="os.name" value="Windows 8" />
    <property name="sun.boot.class.path" value="C:\Program Files\Java\jre7\lib\resources.jar;C:\Program Files\Java\jre7\lib\rt.jar;C:\Program Files\Java\jre7\lib\sunrsasign.jar;C:\Program Files\Java\jre7\lib\jsse.jar;C:\Program Files\Java\jre7\lib\jce.jar;C:\Program Files\Java\jre7\lib\charsets.jar;C:\Program Files\Java\jre7\lib\jfr.jar;C:\Program Files\Java\jre7\classes" />
    <property name="out.instr.dir" value="C:\Users\JEANDE~1\AppData\Local\Temp\saferefactor.core.SafeRefactorImp@6dcd2623\tests\tests\bin_source/outinstr" />
    <property name="sun.desktop" value="windows" />
    <property name="java.vm.specification.vendor" value="Oracle Corporation" />
    <property name="java.runtime.version" value="1.7.0_11-b21" />
    <property name="user.name" value="Jeanderson" />
    <property name="user.language" value="en" />
    <property name="sun.boot.library.path" value="C:\Program Files\Java\jre7\bin" />
    <property name="ant.project.default-target" value="run_target" />
    <property name="ant.project.name" value="RefactoringProject" />
    <property name="java.version" value="1.7.0_11" />
    <property name="user.timezone" value="" />
    <property name="sun.arch.data.model" value="64" />
    <property name="emma.coverage.out.file" value="C:\Users\JEANDE~1\AppData\Local\Temp\saferefactor.core.SafeRefactorImp@6dcd2623\tests\tests\bin_source/coverage/coverage.emma" />
    <property name="java.endorsed.dirs" value="C:\Program Files\Java\jre7\lib\endorsed" />
    <property name="sun.cpu.isalist" value="amd64" />
    <property name="sun.jnu.encoding" value="Cp1252" />
    <property name="file.encoding.pkg" value="sun.io" />
    <property name="file.separator" value="\" />
    <property name="java.specification.name" value="Java Platform API Specification" />
    <property name="java.class.version" value="51.0" />
    <property name="user.country" value="US" />
    <property name="java.home" value="C:\Program Files\Java\jre7" />
    <property name="java.vm.info" value="mixed mode" />
    <property name="os.version" value="6.2" />
    <property name="path.separator" value=";" />
    <property name="java.vm.version" value="23.6-b04" />
    <property name="user.variant" value="" />
    <property name="java.awt.printerjob" value="sun.awt.windows.WPrinterJob" />
    <property name="sun.io.unicode.encoding" value="UnicodeLittle" />
    <property name="awt.toolkit" value="sun.awt.windows.WToolkit" />
    <property name="user.script" value="" />
    <property name="coverage.dir" value="C:\Users\JEANDE~1\AppData\Local\Temp\saferefactor.core.SafeRefactorImp@6dcd2623\tests\tests\bin_source/coverage" />
    <property name="user.home" value="C:\Users\Jeanderson" />
    <property name="target" value="C:\Users\Jeanderson\workspace\eclipse\csaferefactor\.\test_data\subject14target" />
    <property name="java.specification.vendor" value="Oracle Corporation" />
    <property name="java.library.path" value="C:\Program Files\Java\jre7\bin;C:\windows\Sun\Java\bin;C:\windows\system32;C:\windows;C:\Program Files (x86)\Intel\iCLS Client\;C:\Program Files\Intel\iCLS Client\;C:\windows\system32;C:\windows;C:\windows\System32\Wbem;C:\windows\System32\WindowsPowerShell\v1.0\;C:\Program Files (x86)\Windows Live\Shared;C:\Program Files\Java\jdk1.7.0_11\bin;C:\Users\Jeanderson\bin;C:\Program Files\Python\Scripts;C:\Program Files\PostgreSQL\9.2\bin;C:\Program Files\Intel\WiFi\bin\;C:\Program Files\Common Files\Intel\WirelessCommon\;C:\Program Files\Microsoft\Web Platform Installer\;C:\Program Files (x86)\Microsoft ASP.NET\ASP.NET Web Pages\v1.0\;C:\Program Files (x86)\Windows Kits\8.0\Windows Performance Toolkit\;C:\Program Files\Microsoft SQL Server\110\Tools\Binn\;C:\Program Files\Intel\Intel(R) Management Engine Components\DAL;C:\Program Files\Intel\Intel(R) Management Engine Components\IPT;C:\Program Files (x86)\Intel\Intel(R) Management Engine Components\DAL;C:\Program Files (x86)\Intel\Intel(R) Management Engine Components\IPT;C:\Program Files\Mercurial\;C:\Program Files\SlikSvn\bin;C:\Program Files (x86)\Git\cmd;C:\Users\Jeanderson\AppData\Local\Bandizip\7z;C:\Program Files\Python\Scripts;C:\Program Files\PostgreSQL\9.2\bin;C:\MinGW\bin;C:\Program Files\Intel\WiFi\bin\;C:\Program Files\Common Files\Intel\WirelessCommon\;C:\Program Files\Python;C:\Program Files\Python\Scripts;;." />
    <property name="java.vendor.url" value="http://java.oracle.com/" />
    <property name="java.vm.vendor" value="Oracle Corporation" />
    <property name="java.runtime.name" value="Java(TM) SE Runtime Environment" />
    <property name="sun.java.command" value="org.apache.tools.ant.taskdefs.optional.junit.JUnitTestRunner RandoopTest filtertrace=true haltOnError=false haltOnFailure=false formatter=org.apache.tools.ant.taskdefs.optional.junit.SummaryJUnitResultFormatter showoutput=false outputtoformatters=true logfailedtests=true logtestlistenerevents=true formatter=org.apache.tools.ant.taskdefs.optional.junit.XMLJUnitResultFormatter,C:\Users\Jeanderson\workspace\eclipse\csaferefactor\TEST-RandoopTest.xml crashfile=C:\Users\Jeanderson\workspace\eclipse\csaferefactor\junitvmwatcher8661114361478934853.properties propsfile=C:\Users\Jeanderson\workspace\eclipse\csaferefactor\junit7238632900755092021.properties" />
    <property name="ant.file.RefactoringProject" value="jar:file:/C:/Users/Jeanderson/workspace/eclipse/csaferefactor/lib/saferefactor-beta.jar!/build_coverage.xml" />
    <property name="java.class.path" value="C:\Users\JEANDE~1\AppData\Local\Temp\saferefactor.core.SafeRefactorImp@6dcd2623\tests\tests\bin_source\outinstr;C:\Users\Jeanderson\workspace\eclipse\csaferefactor\test_data\subject14target\bin;C:\Users\Jeanderson\Dev\eclipse\plugins\org.eclipse.ui_3.105.0.v20130522-1122.jar;C:\Users\Jeanderson\Dev\eclipse\plugins\org.eclipse.swt_3.102.0.v20130605-1539.jar;C:\Users\Jeanderson\Dev\eclipse\plugins\org.eclipse.swt.win32.win32.x86_64_3.102.0.v20130605-1544.jar;C:\Users\Jeanderson\Dev\eclipse\plugins\org.eclipse.jface_3.9.0.v20130521-1714.jar;C:\Users\Jeanderson\Dev\eclipse\plugins\org.eclipse.core.commands_3.6.100.v20130515-1857.jar;C:\Users\Jeanderson\Dev\eclipse\plugins\org.eclipse.ui.workbench_3.105.0.v20130529-1406.jar;C:\Users\Jeanderson\Dev\eclipse\plugins\org.eclipse.e4.ui.workbench3_0.12.0.v20130515-1857.jar;C:\Users\Jeanderson\Dev\eclipse\plugins\org.eclipse.core.runtime_3.9.0.v20130326-1255.jar;C:\Users\Jeanderson\Dev\eclipse\plugins\org.eclipse.osgi_3.9.0.v20130529-1710.jar;C:\Users\Jeanderson\Dev\eclipse\plugins\org.eclipse.equinox.common_3.6.200.v20130402-1505.jar;C:\Users\Jeanderson\Dev\eclipse\plugins\org.eclipse.core.jobs_3.5.300.v20130429-1813.jar;C:\Users\Jeanderson\Dev\eclipse\plugins\org.eclipse.core.runtime.compatibility.registry_3.5.200.v20130514-1256\runtime_registry_compatibility.jar;C:\Users\Jeanderson\Dev\eclipse\plugins\org.eclipse.equinox.registry_3.5.300.v20130327-1442.jar;C:\Users\Jeanderson\Dev\eclipse\plugins\org.eclipse.equinox.preferences_3.5.100.v20130422-1538.jar;C:\Users\Jeanderson\Dev\eclipse\plugins\org.eclipse.core.contenttype_3.4.200.v20130326-1255.jar;C:\Users\Jeanderson\Dev\eclipse\plugins\org.eclipse.equinox.app_1.3.100.v20130327-1442.jar;C:\Users\Jeanderson\Dev\eclipse\plugins\org.eclipse.jface.text_3.8.100.v20130515-1957.jar;C:\Users\Jeanderson\Dev\eclipse\plugins\org.eclipse.text_3.5.300.v20130515-1451.jar;C:\Users\Jeanderson\Dev\eclipse\plugins\org.eclipse.ui.workbench.texteditor_3.8.100.v20130514-1533.jar;C:\Users\Jeanderson\Dev\eclipse\plugins\org.eclipse.core.resources_3.8.100.v20130521-2026.jar;C:\Users\Jeanderson\Dev\eclipse\plugins\org.eclipse.ui.console_3.5.200.v20130514-0954.jar;C:\Users\Jeanderson\Dev\eclipse\plugins\org.eclipse.ui.editors_3.8.100.v20130513-1637.jar;C:\Users\Jeanderson\Dev\eclipse\plugins\org.eclipse.core.filebuffers_3.5.300.v20130225-1821.jar;C:\Users\Jeanderson\Dev\eclipse\plugins\org.eclipse.jdt.core_3.9.0.v20130604-1421.jar;C:\Users\Jeanderson\Dev\eclipse\plugins\org.eclipse.jdt.compiler.apt_1.0.600.v20130530-1010.jar;C:\Users\Jeanderson\Dev\eclipse\plugins\org.eclipse.jdt.compiler.tool_1.0.200.v20130530-1010.jar;C:\Users\Jeanderson\Dev\eclipse\plugins\org.eclipse.jdt.ui_3.9.0.v20130605-1748.jar;C:\Users\Jeanderson\Dev\eclipse\plugins\org.eclipse.compare_3.5.400.v20130514-1224.jar;C:\Users\Jeanderson\Dev\eclipse\plugins\org.eclipse.compare.core_3.5.300.v20130514-1224.jar;C:\Users\Jeanderson\Dev\eclipse\plugins\org.eclipse.ui.ide_3.9.0.v20130517-0139.jar;C:\Users\Jeanderson\Dev\eclipse\plugins\org.eclipse.ui.views_3.6.100.v20130326-1250.jar;C:\Users\Jeanderson\workspace\eclipse\csaferefactor\bin;C:\Users\Jeanderson\workspace\eclipse\csaferefactor\lib;C:\Users\Jeanderson\workspace\eclipse\csaferefactor\lib\saferefactor-beta.jar;C:\Users\Jeanderson\Dev\eclipse\configuration\org.eclipse.osgi\bundles\206\1\.cp;C:\Users\Jeanderson\Dev\eclipse\configuration\org.eclipse.osgi\bundles\205\1\.cp;C:\Users\JEANDE~1\AppData\Local\Temp\saferefactor.core.SafeRefactorImp@6dcd2623\tests\tests\bin_source" />
    <property name="ant.version" value="Apache Ant version 1.8.1 compiled on April 30 2010" />
    <property name="targetBin" value="C:\Users\Jeanderson\workspace\eclipse\csaferefactor\.\test_data\subject14target\bin" />
    <property name="java.vm.specification.name" value="Java Virtual Machine Specification" />
    <property name="java.vm.specification.version" value="1.7" />
    <property name="sun.cpu.endian" value="little" />
    <property name="sun.os.patch.level" value="" />
    <property name="java.io.tmpdir" value="C:\Users\JEANDE~1\AppData\Local\Temp\" />
    <property name="targetSrc" value="C:\Users\Jeanderson\workspace\eclipse\csaferefactor\.\test_data\subject14target\src" />
    <property name="java.vendor.url.bug" value="http://bugreport.sun.com/bugreport/" />
    <property name="os.arch" value="amd64" />
    <property name="java.awt.graphicsenv" value="sun.awt.Win32GraphicsEnvironment" />
    <property name="java.ext.dirs" value="C:\Program Files\Java\jre7\lib\ext;C:\windows\Sun\Java\lib\ext" />
    <property name="user.dir" value="C:\Users\Jeanderson\workspace\eclipse\csaferefactor" />
    <property name="emma.coverage.out.merge" value="false" />
    <property name="line.separator" value="
" />
    <property name="java.vm.name" value="Java HotSpot(TM) 64-Bit Server VM" />
    <property name="ant.file.type.RefactoringProject" value="url" />
    <property name="basedir" value="C:\Users\Jeanderson\workspace\eclipse\csaferefactor" />
    <property name="ant.java.version" value="1.6" />
    <property name="ant.core.lib" value="C:\Users\Jeanderson\workspace\eclipse\csaferefactor\lib\saferefactor-beta.jar" />
    <property name="tests.folder" value="C:\Users\JEANDE~1\AppData\Local\Temp\saferefactor.core.SafeRefactorImp@6dcd2623\tests\tests\bin_source" />
    <property name="emma.enabled" value="true" />
    <property name="file.encoding" value="Cp1252" />
    <property name="java.specification.version" value="1.7" />
    <property name="src.dir" value="C:\Users\Jeanderson\workspace\eclipse\csaferefactor\.\test_data\subject14target\src" />
    <property name="out.dir" value="C:\Users\Jeanderson\workspace\eclipse\csaferefactor\.\test_data\subject14target\bin" />
  </properties>
  <testcase classname="RandoopTest0" name="test108" time="0.084">
    <error message="B.m()I" type="java.lang.NoSuchMethodError">java.lang.NoSuchMethodError: B.m()I
	at RandoopTest0.test108(RandoopTest0.java:5347)
</error>
  </testcase>
  <testcase classname="RandoopTest0" name="test98" time="0.001">
    <error message="B.m()I" type="java.lang.NoSuchMethodError">java.lang.NoSuchMethodError: B.m()I
	at RandoopTest0.test98(RandoopTest0.java:4845)
</error>
  </testcase>
  <testcase classname="RandoopTest0" name="test97" time="0.001">
    <error message="B.m()I" type="java.lang.NoSuchMethodError">java.lang.NoSuchMethodError: B.m()I
	at RandoopTest0.test97(RandoopTest0.java:4805)
</error>
  </testcase>
  <testcase classname="RandoopTest0" name="test106" time="0.001">
    <failure type="junit.framework.AssertionFailedError">junit.framework.AssertionFailedError
	at RandoopTest0.test106(RandoopTest0.java:5267)
</failure>
  </testcase>
  <testcase classname="RandoopTest0" name="test110" time="0.001">
    <error message="B.m()I" type="java.lang.NoSuchMethodError">java.lang.NoSuchMethodError: B.m()I
	at RandoopTest0.test110(RandoopTest0.java:5453)
</error>
  </testcase>
  <testcase classname="RandoopTest0" name="test100" time="0.001">
    <error message="B.m()I" type="java.lang.NoSuchMethodError">java.lang.NoSuchMethodError: B.m()I
	at RandoopTest0.test100(RandoopTest0.java:4945)
</error>
  </testcase>
  <testcase classname="RandoopTest0" name="test102" time="0.001">
    <failure type="junit.framework.AssertionFailedError">junit.framework.AssertionFailedError
	at RandoopTest0.test102(RandoopTest0.java:5076)
</failure>
  </testcase>
  <testcase classname="RandoopTest0" name="test105" time="0.001">
    <failure type="junit.framework.AssertionFailedError">junit.framework.AssertionFailedError
	at RandoopTest0.test105(RandoopTest0.java:5230)
</failure>
  </testcase>
  <testcase classname="RandoopTest0" name="test109" time="0.002">
    <error message="B.m()I" type="java.lang.NoSuchMethodError">java.lang.NoSuchMethodError: B.m()I
	at RandoopTest0.test109(RandoopTest0.java:5402)
</error>
  </testcase>
  <testcase classname="RandoopTest0" name="test103" time="0.001">
    <error message="B.m()I" type="java.lang.NoSuchMethodError">java.lang.NoSuchMethodError: B.m()I
	at RandoopTest0.test103(RandoopTest0.java:5094)
</error>
  </testcase>
  <testcase classname="RandoopTest0" name="test111" time="0.001">
    <error message="B.m()I" type="java.lang.NoSuchMethodError">java.lang.NoSuchMethodError: B.m()I
	at RandoopTest0.test111(RandoopTest0.java:5530)
</error>
  </testcase>
  <testcase classname="RandoopTest0" name="test107" time="0.003">
    <failure type="junit.framework.AssertionFailedError">junit.framework.AssertionFailedError
	at RandoopTest0.test107(RandoopTest0.java:5314)
</failure>
  </testcase>
  <testcase classname="RandoopTest0" name="test99" time="0.001">
    <error message="B.m()I" type="java.lang.NoSuchMethodError">java.lang.NoSuchMethodError: B.m()I
	at RandoopTest0.test99(RandoopTest0.java:4886)
</error>
  </testcase>
  <testcase classname="RandoopTest0" name="test112" time="0.0" />
  <testcase classname="RandoopTest0" name="test101" time="0.004">
    <error message="B.m()I" type="java.lang.NoSuchMethodError">java.lang.NoSuchMethodError: B.m()I
	at RandoopTest0.test101(RandoopTest0.java:4996)
</error>
  </testcase>
  <testcase classname="RandoopTest0" name="test104" time="0.001">
    <error message="B.m()I" type="java.lang.NoSuchMethodError">java.lang.NoSuchMethodError: B.m()I
	at RandoopTest0.test104(RandoopTest0.java:5174)
</error>
  </testcase>
  <testcase classname="RandoopTest0" name="test91" time="0.001">
    <failure type="junit.framework.AssertionFailedError">junit.framework.AssertionFailedError
	at RandoopTest0.test91(RandoopTest0.java:4512)
</failure>
  </testcase>
  <testcase classname="RandoopTest0" name="test78" time="0.0">
    <error message="B.m()I" type="java.lang.NoSuchMethodError">java.lang.NoSuchMethodError: B.m()I
	at RandoopTest0.test78(RandoopTest0.java:3749)
</error>
  </testcase>
  <testcase classname="RandoopTest0" name="test79" time="0.0">
    <failure type="junit.framework.AssertionFailedError">junit.framework.AssertionFailedError
	at RandoopTest0.test79(RandoopTest0.java:3840)
</failure>
  </testcase>
  <testcase classname="RandoopTest0" name="test81" time="0.001">
    <error message="B.m()I" type="java.lang.NoSuchMethodError">java.lang.NoSuchMethodError: B.m()I
	at RandoopTest0.test81(RandoopTest0.java:3935)
</error>
  </testcase>
  <testcase classname="RandoopTest0" name="test82" time="0.001">
    <error message="B.m()I" type="java.lang.NoSuchMethodError">java.lang.NoSuchMethodError: B.m()I
	at RandoopTest0.test82(RandoopTest0.java:3993)
</error>
  </testcase>
  <testcase classname="RandoopTest0" name="test83" time="0.001">
    <failure type="junit.framework.AssertionFailedError">junit.framework.AssertionFailedError
	at RandoopTest0.test83(RandoopTest0.java:4064)
</failure>
  </testcase>
  <testcase classname="RandoopTest0" name="test84" time="0.001">
    <failure type="junit.framework.AssertionFailedError">junit.framework.AssertionFailedError
	at RandoopTest0.test84(RandoopTest0.java:4122)
</failure>
  </testcase>
  <testcase classname="RandoopTest0" name="test85" time="0.001">
    <error message="B.m()I" type="java.lang.NoSuchMethodError">java.lang.NoSuchMethodError: B.m()I
	at RandoopTest0.test85(RandoopTest0.java:4152)
</error>
  </testcase>
  <testcase classname="RandoopTest0" name="test88" time="0.001">
    <failure type="junit.framework.AssertionFailedError">junit.framework.AssertionFailedError
	at RandoopTest0.test88(RandoopTest0.java:4342)
</failure>
  </testcase>
  <testcase classname="RandoopTest0" name="test89" time="0.001">
    <failure type="junit.framework.AssertionFailedError">junit.framework.AssertionFailedError
	at RandoopTest0.test89(RandoopTest0.java:4409)
</failure>
  </testcase>
  <testcase classname="RandoopTest0" name="test92" time="0.0">
    <failure type="junit.framework.AssertionFailedError">junit.framework.AssertionFailedError
	at RandoopTest0.test92(RandoopTest0.java:4586)
</failure>
  </testcase>
  <testcase classname="RandoopTest0" name="test80" time="0.006">
    <failure type="junit.framework.AssertionFailedError">junit.framework.AssertionFailedError
	at RandoopTest0.test80(RandoopTest0.java:3898)
</failure>
  </testcase>
  <testcase classname="RandoopTest0" name="test90" time="0.0">
    <error message="B.m()I" type="java.lang.NoSuchMethodError">java.lang.NoSuchMethodError: B.m()I
	at RandoopTest0.test90(RandoopTest0.java:4460)
</error>
  </testcase>
  <testcase classname="RandoopTest0" name="test93" time="0.0">
    <error message="B.m()I" type="java.lang.NoSuchMethodError">java.lang.NoSuchMethodError: B.m()I
	at RandoopTest0.test93(RandoopTest0.java:4628)
</error>
  </testcase>
  <testcase classname="RandoopTest0" name="test94" time="0.0">
    <error message="B.m()I" type="java.lang.NoSuchMethodError">java.lang.NoSuchMethodError: B.m()I
	at RandoopTest0.test94(RandoopTest0.java:4672)
</error>
  </testcase>
  <testcase classname="RandoopTest0" name="test95" time="0.0">
    <failure type="junit.framework.AssertionFailedError">junit.framework.AssertionFailedError
	at RandoopTest0.test95(RandoopTest0.java:4712)
</failure>
  </testcase>
  <testcase classname="RandoopTest0" name="test96" time="0.0">
    <error message="B.m()I" type="java.lang.NoSuchMethodError">java.lang.NoSuchMethodError: B.m()I
	at RandoopTest0.test96(RandoopTest0.java:4751)
</error>
  </testcase>
  <testcase classname="RandoopTest0" name="test76" time="0.0">
    <error message="B.m()I" type="java.lang.NoSuchMethodError">java.lang.NoSuchMethodError: B.m()I
	at RandoopTest0.test76(RandoopTest0.java:3650)
</error>
  </testcase>
  <testcase classname="RandoopTest0" name="test77" time="0.001">
    <error message="B.m()I" type="java.lang.NoSuchMethodError">java.lang.NoSuchMethodError: B.m()I
	at RandoopTest0.test77(RandoopTest0.java:3700)
</error>
  </testcase>
  <testcase classname="RandoopTest0" name="test86" time="0.001">
    <error message="B.m()I" type="java.lang.NoSuchMethodError">java.lang.NoSuchMethodError: B.m()I
	at RandoopTest0.test86(RandoopTest0.java:4232)
</error>
  </testcase>
  <testcase classname="RandoopTest0" name="test87" time="0.001">
    <error message="B.m()I" type="java.lang.NoSuchMethodError">java.lang.NoSuchMethodError: B.m()I
	at RandoopTest0.test87(RandoopTest0.java:4274)
</error>
  </testcase>
  <testcase classname="RandoopTest0" name="test113" time="0.001">
    <failure type="junit.framework.AssertionFailedError">junit.framework.AssertionFailedError
	at RandoopTest0.test113(RandoopTest0.java:5714)
</failure>
  </testcase>
  <testcase classname="RandoopTest0" name="test17" time="0.0">
    <error message="B.m()I" type="java.lang.NoSuchMethodError">java.lang.NoSuchMethodError: B.m()I
	at RandoopTest0.test17(RandoopTest0.java:732)
</error>
  </testcase>
  <testcase classname="RandoopTest0" name="test42" time="0.0">
    <failure type="junit.framework.AssertionFailedError">junit.framework.AssertionFailedError
	at RandoopTest0.test42(RandoopTest0.java:1882)
</failure>
  </testcase>
  <testcase classname="RandoopTest0" name="test43" time="0.0">
    <error message="B.m()I" type="java.lang.NoSuchMethodError">java.lang.NoSuchMethodError: B.m()I
	at RandoopTest0.test43(RandoopTest0.java:1919)
</error>
  </testcase>
  <testcase classname="RandoopTest0" name="test24" time="0.0">
    <failure type="junit.framework.AssertionFailedError">junit.framework.AssertionFailedError
	at RandoopTest0.test24(RandoopTest0.java:1038)
</failure>
  </testcase>
  <testcase classname="RandoopTest0" name="test23" time="0.0">
    <error message="B.m()I" type="java.lang.NoSuchMethodError">java.lang.NoSuchMethodError: B.m()I
	at RandoopTest0.test23(RandoopTest0.java:978)
</error>
  </testcase>
  <testcase classname="RandoopTest0" name="test27" time="0.001">
    <error message="B.m()I" type="java.lang.NoSuchMethodError">java.lang.NoSuchMethodError: B.m()I
	at RandoopTest0.test27(RandoopTest0.java:1162)
</error>
  </testcase>
  <testcase classname="RandoopTest0" name="test32" time="0.001">
    <failure type="junit.framework.AssertionFailedError">junit.framework.AssertionFailedError
	at RandoopTest0.test32(RandoopTest0.java:1445)
</failure>
  </testcase>
  <testcase classname="RandoopTest0" name="test7" time="0.0">
    <error message="B.m()I" type="java.lang.NoSuchMethodError">java.lang.NoSuchMethodError: B.m()I
	at RandoopTest0.test7(RandoopTest0.java:254)
</error>
  </testcase>
  <testcase classname="RandoopTest0" name="test14" time="0.0">
    <error message="B.m()I" type="java.lang.NoSuchMethodError">java.lang.NoSuchMethodError: B.m()I
	at RandoopTest0.test14(RandoopTest0.java:593)
</error>
  </testcase>
  <testcase classname="RandoopTest0" name="test30" time="0.0">
    <failure type="junit.framework.AssertionFailedError">junit.framework.AssertionFailedError
	at RandoopTest0.test30(RandoopTest0.java:1341)
</failure>
  </testcase>
  <testcase classname="RandoopTest0" name="test35" time="0.001">
    <error message="B.m()I" type="java.lang.NoSuchMethodError">java.lang.NoSuchMethodError: B.m()I
	at RandoopTest0.test35(RandoopTest0.java:1566)
</error>
  </testcase>
  <testcase classname="RandoopTest0" name="test37" time="0.001">
    <failure type="junit.framework.AssertionFailedError">junit.framework.AssertionFailedError
	at RandoopTest0.test37(RandoopTest0.java:1680)
</failure>
  </testcase>
  <testcase classname="RandoopTest0" name="test18" time="0.001">
    <error message="B.m()I" type="java.lang.NoSuchMethodError">java.lang.NoSuchMethodError: B.m()I
	at RandoopTest0.test18(RandoopTest0.java:766)
</error>
  </testcase>
  <testcase classname="RandoopTest0" name="test3" time="0.001">
    <failure type="junit.framework.AssertionFailedError">junit.framework.AssertionFailedError
	at RandoopTest0.test3(RandoopTest0.java:95)
</failure>
  </testcase>
  <testcase classname="RandoopTest0" name="test20" time="0.001">
    <error message="B.m()I" type="java.lang.NoSuchMethodError">java.lang.NoSuchMethodError: B.m()I
	at RandoopTest0.test20(RandoopTest0.java:843)
</error>
  </testcase>
  <testcase classname="RandoopTest0" name="test6" time="0.001">
    <failure type="junit.framework.AssertionFailedError">junit.framework.AssertionFailedError
	at RandoopTest0.test6(RandoopTest0.java:233)
</failure>
  </testcase>
  <testcase classname="RandoopTest0" name="test21" time="0.074">
    <error message="B.m()I" type="java.lang.NoSuchMethodError">java.lang.NoSuchMethodError: B.m()I
	at RandoopTest0.test21(RandoopTest0.java:896)
</error>
  </testcase>
  <testcase classname="RandoopTest0" name="test34" time="0.0">
    <error message="B.m()I" type="java.lang.NoSuchMethodError">java.lang.NoSuchMethodError: B.m()I
	at RandoopTest0.test34(RandoopTest0.java:1505)
</error>
  </testcase>
  <testcase classname="RandoopTest0" name="test38" time="0.001">
    <error message="B.m()I" type="java.lang.NoSuchMethodError">java.lang.NoSuchMethodError: B.m()I
	at RandoopTest0.test38(RandoopTest0.java:1712)
</error>
  </testcase>
  <testcase classname="RandoopTest0" name="test19" time="0.0">
    <error message="B.m()I" type="java.lang.NoSuchMethodError">java.lang.NoSuchMethodError: B.m()I
	at RandoopTest0.test19(RandoopTest0.java:813)
</error>
  </testcase>
  <testcase classname="RandoopTest0" name="test8" time="0.001">
    <failure type="junit.framework.AssertionFailedError">junit.framework.AssertionFailedError
	at RandoopTest0.test8(RandoopTest0.java:306)
</failure>
  </testcase>
  <testcase classname="RandoopTest0" name="test2" time="0.001">
    <failure type="junit.framework.AssertionFailedError">junit.framework.AssertionFailedError
	at RandoopTest0.test2(RandoopTest0.java:72)
</failure>
  </testcase>
  <testcase classname="RandoopTest0" name="test11" time="0.001">
    <error message="B.m()I" type="java.lang.NoSuchMethodError">java.lang.NoSuchMethodError: B.m()I
	at RandoopTest0.test11(RandoopTest0.java:426)
</error>
  </testcase>
  <testcase classname="RandoopTest0" name="test13" time="0.001">
    <error message="B.m()I" type="java.lang.NoSuchMethodError">java.lang.NoSuchMethodError: B.m()I
	at RandoopTest0.test13(RandoopTest0.java:543)
</error>
  </testcase>
  <testcase classname="RandoopTest0" name="test15" time="0.001">
    <failure type="junit.framework.AssertionFailedError">junit.framework.AssertionFailedError
	at RandoopTest0.test15(RandoopTest0.java:650)
</failure>
  </testcase>
  <testcase classname="RandoopTest0" name="test29" time="0.001">
    <failure type="junit.framework.AssertionFailedError">junit.framework.AssertionFailedError
	at RandoopTest0.test29(RandoopTest0.java:1287)
</failure>
  </testcase>
  <testcase classname="RandoopTest0" name="test36" time="0.0">
    <failure type="junit.framework.AssertionFailedError">junit.framework.AssertionFailedError
	at RandoopTest0.test36(RandoopTest0.java:1627)
</failure>
  </testcase>
  <testcase classname="RandoopTest0" name="test39" time="0.0">
    <error message="B.m()I" type="java.lang.NoSuchMethodError">java.lang.NoSuchMethodError: B.m()I
	at RandoopTest0.test39(RandoopTest0.java:1749)
</error>
  </testcase>
  <testcase classname="RandoopTest0" name="test41" time="0.001">
    <failure type="junit.framework.AssertionFailedError">junit.framework.AssertionFailedError
	at RandoopTest0.test41(RandoopTest0.java:1843)
</failure>
  </testcase>
  <testcase classname="RandoopTest0" name="test1" time="0.001">
    <error message="B.m()I" type="java.lang.NoSuchMethodError">java.lang.NoSuchMethodError: B.m()I
	at RandoopTest0.test1(RandoopTest0.java:22)
</error>
  </testcase>
  <testcase classname="RandoopTest0" name="test10" time="0.001">
    <error message="B.m()I" type="java.lang.NoSuchMethodError">java.lang.NoSuchMethodError: B.m()I
	at RandoopTest0.test10(RandoopTest0.java:365)
</error>
  </testcase>
  <testcase classname="RandoopTest0" name="test16" time="0.0">
    <failure type="junit.framework.AssertionFailedError">junit.framework.AssertionFailedError
	at RandoopTest0.test16(RandoopTest0.java:693)
</failure>
  </testcase>
  <testcase classname="RandoopTest0" name="test22" time="0.0">
    <failure type="junit.framework.AssertionFailedError">junit.framework.AssertionFailedError
	at RandoopTest0.test22(RandoopTest0.java:951)
</failure>
  </testcase>
  <testcase classname="RandoopTest0" name="test31" time="0.001">
    <error message="B.m()I" type="java.lang.NoSuchMethodError">java.lang.NoSuchMethodError: B.m()I
	at RandoopTest0.test31(RandoopTest0.java:1386)
</error>
  </testcase>
  <testcase classname="RandoopTest0" name="test4" time="0.001">
    <error message="B.m()I" type="java.lang.NoSuchMethodError">java.lang.NoSuchMethodError: B.m()I
	at RandoopTest0.test4(RandoopTest0.java:119)
</error>
  </testcase>
  <testcase classname="RandoopTest0" name="test9" time="0.001">
    <failure type="junit.framework.AssertionFailedError">junit.framework.AssertionFailedError
	at RandoopTest0.test9(RandoopTest0.java:341)
</failure>
  </testcase>
  <testcase classname="RandoopTest0" name="test12" time="0.0">
    <error message="B.m()I" type="java.lang.NoSuchMethodError">java.lang.NoSuchMethodError: B.m()I
	at RandoopTest0.test12(RandoopTest0.java:463)
</error>
  </testcase>
  <testcase classname="RandoopTest0" name="test26" time="0.001">
    <failure type="junit.framework.AssertionFailedError">junit.framework.AssertionFailedError
	at RandoopTest0.test26(RandoopTest0.java:1117)
</failure>
  </testcase>
  <testcase classname="RandoopTest0" name="test28" time="0.001">
    <failure type="junit.framework.AssertionFailedError">junit.framework.AssertionFailedError
	at RandoopTest0.test28(RandoopTest0.java:1234)
</failure>
  </testcase>
  <testcase classname="RandoopTest0" name="test33" time="0.001">
    <error message="B.m()I" type="java.lang.NoSuchMethodError">java.lang.NoSuchMethodError: B.m()I
	at RandoopTest0.test33(RandoopTest0.java:1471)
</error>
  </testcase>
  <testcase classname="RandoopTest0" name="test40" time="0.001">
    <failure type="junit.framework.AssertionFailedError">junit.framework.AssertionFailedError
	at RandoopTest0.test40(RandoopTest0.java:1809)
</failure>
  </testcase>
  <testcase classname="RandoopTest0" name="test5" time="0.001">
    <failure type="junit.framework.AssertionFailedError">junit.framework.AssertionFailedError
	at RandoopTest0.test5(RandoopTest0.java:202)
</failure>
  </testcase>
  <testcase classname="RandoopTest0" name="test25" time="0.001">
    <error message="B.m()I" type="java.lang.NoSuchMethodError">java.lang.NoSuchMethodError: B.m()I
	at RandoopTest0.test25(RandoopTest0.java:1069)
</error>
  </testcase>
  <testcase classname="RandoopTest0" name="test46" time="0.001">
    <failure type="junit.framework.AssertionFailedError">junit.framework.AssertionFailedError
	at RandoopTest0.test46(RandoopTest0.java:2067)
</failure>
  </testcase>
  <testcase classname="RandoopTest0" name="test47" time="0.06">
    <error message="B.m()I" type="java.lang.NoSuchMethodError">java.lang.NoSuchMethodError: B.m()I
	at RandoopTest0.test47(RandoopTest0.java:2106)
</error>
  </testcase>
  <testcase classname="RandoopTest0" name="test49" time="0.0">
    <error message="B.m()I" type="java.lang.NoSuchMethodError">java.lang.NoSuchMethodError: B.m()I
	at RandoopTest0.test49(RandoopTest0.java:2224)
</error>
  </testcase>
  <testcase classname="RandoopTest0" name="test55" time="0.0">
    <error message="B.m()I" type="java.lang.NoSuchMethodError">java.lang.NoSuchMethodError: B.m()I
	at RandoopTest0.test55(RandoopTest0.java:2478)
</error>
  </testcase>
  <testcase classname="RandoopTest0" name="test45" time="0.0">
    <failure type="junit.framework.AssertionFailedError">junit.framework.AssertionFailedError
	at RandoopTest0.test45(RandoopTest0.java:2009)
</failure>
  </testcase>
  <testcase classname="RandoopTest0" name="test57" time="0.0">
    <failure type="junit.framework.AssertionFailedError">junit.framework.AssertionFailedError
	at RandoopTest0.test57(RandoopTest0.java:2575)
</failure>
  </testcase>
  <testcase classname="RandoopTest0" name="test62" time="0.0">
    <error message="B.m()I" type="java.lang.NoSuchMethodError">java.lang.NoSuchMethodError: B.m()I
	at RandoopTest0.test62(RandoopTest0.java:2813)
</error>
  </testcase>
  <testcase classname="RandoopTest0" name="test52" time="0.001">
    <failure type="junit.framework.AssertionFailedError">junit.framework.AssertionFailedError
	at RandoopTest0.test52(RandoopTest0.java:2349)
</failure>
  </testcase>
  <testcase classname="RandoopTest0" name="test63" time="0.001">
    <failure type="junit.framework.AssertionFailedError">junit.framework.AssertionFailedError
	at RandoopTest0.test63(RandoopTest0.java:2872)
</failure>
  </testcase>
  <testcase classname="RandoopTest0" name="test44" time="0.001">
    <failure type="junit.framework.AssertionFailedError">junit.framework.AssertionFailedError
	at RandoopTest0.test44(RandoopTest0.java:1960)
</failure>
  </testcase>
  <testcase classname="RandoopTest0" name="test59" time="0.0">
    <failure type="junit.framework.AssertionFailedError">junit.framework.AssertionFailedError
	at RandoopTest0.test59(RandoopTest0.java:2676)
</failure>
  </testcase>
  <testcase classname="RandoopTest0" name="test54" time="0.001">
    <error message="B.m()I" type="java.lang.NoSuchMethodError">java.lang.NoSuchMethodError: B.m()I
	at RandoopTest0.test54(RandoopTest0.java:2429)
</error>
  </testcase>
  <testcase classname="RandoopTest0" name="test64" time="0.001">
    <failure type="junit.framework.AssertionFailedError">junit.framework.AssertionFailedError
	at RandoopTest0.test64(RandoopTest0.java:2916)
</failure>
  </testcase>
  <testcase classname="RandoopTest0" name="test65" time="0.001">
    <failure type="junit.framework.AssertionFailedError">junit.framework.AssertionFailedError
	at RandoopTest0.test65(RandoopTest0.java:2995)
</failure>
  </testcase>
  <testcase classname="RandoopTest0" name="test68" time="0.001">
    <error message="B.m()I" type="java.lang.NoSuchMethodError">java.lang.NoSuchMethodError: B.m()I
	at RandoopTest0.test68(RandoopTest0.java:3163)
</error>
  </testcase>
  <testcase classname="RandoopTest0" name="test69" time="0.0">
    <failure type="junit.framework.AssertionFailedError">junit.framework.AssertionFailedError
	at RandoopTest0.test69(RandoopTest0.java:3225)
</failure>
  </testcase>
  <testcase classname="RandoopTest0" name="test70" time="0.0">
    <error message="B.m()I" type="java.lang.NoSuchMethodError">java.lang.NoSuchMethodError: B.m()I
	at RandoopTest0.test70(RandoopTest0.java:3263)
</error>
  </testcase>
  <testcase classname="RandoopTest0" name="test71" time="0.0">
    <error message="B.m()I" type="java.lang.NoSuchMethodError">java.lang.NoSuchMethodError: B.m()I
	at RandoopTest0.test71(RandoopTest0.java:3314)
</error>
  </testcase>
  <testcase classname="RandoopTest0" name="test53" time="0.0">
    <error message="B.m()I" type="java.lang.NoSuchMethodError">java.lang.NoSuchMethodError: B.m()I
	at RandoopTest0.test53(RandoopTest0.java:2376)
</error>
  </testcase>
  <testcase classname="RandoopTest0" name="test72" time="0.0">
    <error message="B.m()I" type="java.lang.NoSuchMethodError">java.lang.NoSuchMethodError: B.m()I
	at RandoopTest0.test72(RandoopTest0.java:3393)
</error>
  </testcase>
  <testcase classname="RandoopTest0" name="test61" time="0.0">
    <failure type="junit.framework.AssertionFailedError">junit.framework.AssertionFailedError
	at RandoopTest0.test61(RandoopTest0.java:2771)
</failure>
  </testcase>
  <testcase classname="RandoopTest0" name="test51" time="0.0">
    <failure type="junit.framework.AssertionFailedError">junit.framework.AssertionFailedError
	at RandoopTest0.test51(RandoopTest0.java:2310)
</failure>
  </testcase>
  <testcase classname="RandoopTest0" name="test74" time="0.001">
    <error message="B.m()I" type="java.lang.NoSuchMethodError">java.lang.NoSuchMethodError: B.m()I
	at RandoopTest0.test74(RandoopTest0.java:3521)
</error>
  </testcase>
  <testcase classname="RandoopTest0" name="test75" time="0.0">
    <error message="B.m()I" type="java.lang.NoSuchMethodError">java.lang.NoSuchMethodError: B.m()I
	at RandoopTest0.test75(RandoopTest0.java:3593)
</error>
  </testcase>
  <testcase classname="RandoopTest0" name="test73" time="0.001">
    <failure type="junit.framework.AssertionFailedError">junit.framework.AssertionFailedError
	at RandoopTest0.test73(RandoopTest0.java:3461)
</failure>
  </testcase>
  <testcase classname="RandoopTest0" name="test56" time="0.001">
    <failure type="junit.framework.AssertionFailedError">junit.framework.AssertionFailedError
	at RandoopTest0.test56(RandoopTest0.java:2535)
</failure>
  </testcase>
  <testcase classname="RandoopTest0" name="test50" time="0.0">
    <error message="B.m()I" type="java.lang.NoSuchMethodError">java.lang.NoSuchMethodError: B.m()I
	at RandoopTest0.test50(RandoopTest0.java:2276)
</error>
  </testcase>
  <testcase classname="RandoopTest0" name="test58" time="0.0">
    <error message="B.m()I" type="java.lang.NoSuchMethodError">java.lang.NoSuchMethodError: B.m()I
	at RandoopTest0.test58(RandoopTest0.java:2605)
</error>
  </testcase>
  <testcase classname="RandoopTest0" name="test60" time="0.0">
    <failure type="junit.framework.AssertionFailedError">junit.framework.AssertionFailedError
	at RandoopTest0.test60(RandoopTest0.java:2733)
</failure>
  </testcase>
  <testcase classname="RandoopTest0" name="test48" time="0.069">
    <error message="B.m()I" type="java.lang.NoSuchMethodError">java.lang.NoSuchMethodError: B.m()I
	at RandoopTest0.test48(RandoopTest0.java:2174)
</error>
  </testcase>
  <testcase classname="RandoopTest0" name="test66" time="0.001">
    <error message="B.m()I" type="java.lang.NoSuchMethodError">java.lang.NoSuchMethodError: B.m()I
	at RandoopTest0.test66(RandoopTest0.java:3061)
</error>
  </testcase>
  <testcase classname="RandoopTest0" name="test67" time="0.001">
    <failure type="junit.framework.AssertionFailedError">junit.framework.AssertionFailedError
	at RandoopTest0.test67(RandoopTest0.java:3136)
</failure>
  </testcase>
  <testcase classname="RandoopTest0" name="test121" time="0.002">
    <error message="B.m()I" type="java.lang.NoSuchMethodError">java.lang.NoSuchMethodError: B.m()I
	at RandoopTest0.test121(RandoopTest0.java:6158)
</error>
  </testcase>
  <testcase classname="RandoopTest0" name="test170" time="0.001">
    <error message="B.m()I" type="java.lang.NoSuchMethodError">java.lang.NoSuchMethodError: B.m()I
	at RandoopTest0.test170(RandoopTest0.java:8983)
</error>
  </testcase>
  <testcase classname="RandoopTest0" name="test169" time="0.001">
    <error message="B.m()I" type="java.lang.NoSuchMethodError">java.lang.NoSuchMethodError: B.m()I
	at RandoopTest0.test169(RandoopTest0.java:8936)
</error>
  </testcase>
  <testcase classname="RandoopTest0" name="test119" time="0.001">
    <failure type="junit.framework.AssertionFailedError">junit.framework.AssertionFailedError
	at RandoopTest0.test119(RandoopTest0.java:6039)
</failure>
  </testcase>
  <testcase classname="RandoopTest0" name="test171" time="0.001">
    <error message="B.m()I" type="java.lang.NoSuchMethodError">java.lang.NoSuchMethodError: B.m()I
	at RandoopTest0.test171(RandoopTest0.java:9023)
</error>
  </testcase>
  <testcase classname="RandoopTest0" name="test125" time="0.002">
    <failure type="junit.framework.AssertionFailedError">junit.framework.AssertionFailedError
	at RandoopTest0.test125(RandoopTest0.java:6364)
</failure>
  </testcase>
  <testcase classname="RandoopTest0" name="test117" time="0.002">
    <error message="B.m()I" type="java.lang.NoSuchMethodError">java.lang.NoSuchMethodError: B.m()I
	at RandoopTest0.test117(RandoopTest0.java:5937)
</error>
  </testcase>
  <testcase classname="RandoopTest0" name="test139" time="0.001">
    <error message="B.m()I" type="java.lang.NoSuchMethodError">java.lang.NoSuchMethodError: B.m()I
	at RandoopTest0.test139(RandoopTest0.java:7135)
</error>
  </testcase>
  <testcase classname="RandoopTest0" name="test143" time="0.001">
    <failure type="junit.framework.AssertionFailedError">junit.framework.AssertionFailedError
	at RandoopTest0.test143(RandoopTest0.java:7357)
</failure>
  </testcase>
  <testcase classname="RandoopTest0" name="test153" time="0.002">
    <error message="B.m()I" type="java.lang.NoSuchMethodError">java.lang.NoSuchMethodError: B.m()I
	at RandoopTest0.test153(RandoopTest0.java:7985)
</error>
  </testcase>
  <testcase classname="RandoopTest0" name="test155" time="0.0">
    <failure type="junit.framework.AssertionFailedError">junit.framework.AssertionFailedError
	at RandoopTest0.test155(RandoopTest0.java:8112)
</failure>
  </testcase>
  <testcase classname="RandoopTest0" name="test126" time="0.0">
    <failure type="junit.framework.AssertionFailedError">junit.framework.AssertionFailedError
	at RandoopTest0.test126(RandoopTest0.java:6423)
</failure>
  </testcase>
  <testcase classname="RandoopTest0" name="test114" time="0.0">
    <failure type="junit.framework.AssertionFailedError">junit.framework.AssertionFailedError
	at RandoopTest0.test114(RandoopTest0.java:5774)
</failure>
  </testcase>
  <testcase classname="RandoopTest0" name="test151" time="0.0">
    <error message="B.m()I" type="java.lang.NoSuchMethodError">java.lang.NoSuchMethodError: B.m()I
	at RandoopTest0.test151(RandoopTest0.java:7826)
</error>
  </testcase>
  <testcase classname="RandoopTest0" name="test150" time="0.0">
    <error message="B.m()I" type="java.lang.NoSuchMethodError">java.lang.NoSuchMethodError: B.m()I
	at RandoopTest0.test150(RandoopTest0.java:7764)
</error>
  </testcase>
  <testcase classname="RandoopTest0" name="test144" time="0.001">
    <failure type="junit.framework.AssertionFailedError">junit.framework.AssertionFailedError
	at RandoopTest0.test144(RandoopTest0.java:7419)
</failure>
  </testcase>
  <testcase classname="RandoopTest0" name="test157" time="0.001">
    <failure type="junit.framework.AssertionFailedError">junit.framework.AssertionFailedError
	at RandoopTest0.test157(RandoopTest0.java:8234)
</failure>
  </testcase>
  <testcase classname="RandoopTest0" name="test156" time="0.0">
    <error message="B.m()I" type="java.lang.NoSuchMethodError">java.lang.NoSuchMethodError: B.m()I
	at RandoopTest0.test156(RandoopTest0.java:8163)
</error>
  </testcase>
  <testcase classname="RandoopTest0" name="test158" time="0.0">
    <failure type="junit.framework.AssertionFailedError">junit.framework.AssertionFailedError
	at RandoopTest0.test158(RandoopTest0.java:8303)
</failure>
  </testcase>
  <testcase classname="RandoopTest0" name="test164" time="0.0">
    <failure type="junit.framework.AssertionFailedError">junit.framework.AssertionFailedError
	at RandoopTest0.test164(RandoopTest0.java:8664)
</failure>
  </testcase>
  <testcase classname="RandoopTest0" name="test168" time="0.001">
    <error message="B.m()I" type="java.lang.NoSuchMethodError">java.lang.NoSuchMethodError: B.m()I
	at RandoopTest0.test168(RandoopTest0.java:8890)
</error>
  </testcase>
  <testcase classname="RandoopTest0" name="test172" time="0.001">
    <error message="B.m()I" type="java.lang.NoSuchMethodError">java.lang.NoSuchMethodError: B.m()I
	at RandoopTest0.test172(RandoopTest0.java:9086)
</error>
  </testcase>
  <testcase classname="RandoopTest0" name="test163" time="0.0">
    <failure type="junit.framework.AssertionFailedError">junit.framework.AssertionFailedError
	at RandoopTest0.test163(RandoopTest0.java:8604)
</failure>
  </testcase>
  <testcase classname="RandoopTest0" name="test174" time="0.0">
    <failure type="junit.framework.AssertionFailedError">junit.framework.AssertionFailedError
	at RandoopTest0.test174(RandoopTest0.java:9215)
</failure>
  </testcase>
  <testcase classname="RandoopTest0" name="test175" time="0.046">
    <error message="B.m()I" type="java.lang.NoSuchMethodError">java.lang.NoSuchMethodError: B.m()I
	at RandoopTest0.test175(RandoopTest0.java:9242)
</error>
  </testcase>
  <testcase classname="RandoopTest0" name="test177" time="0.0">
    <failure type="junit.framework.AssertionFailedError">junit.framework.AssertionFailedError
	at RandoopTest0.test177(RandoopTest0.java:9394)
</failure>
  </testcase>
  <testcase classname="RandoopTest0" name="test116" time="0.0">
    <error message="B.m()I" type="java.lang.NoSuchMethodError">java.lang.NoSuchMethodError: B.m()I
	at RandoopTest0.test116(RandoopTest0.java:5881)
</error>
  </testcase>
  <testcase classname="RandoopTest0" name="test127" time="0.0">
    <failure type="junit.framework.AssertionFailedError">junit.framework.AssertionFailedError
	at RandoopTest0.test127(RandoopTest0.java:6490)
</failure>
  </testcase>
  <testcase classname="RandoopTest0" name="test124" time="0.001">
    <failure type="junit.framework.AssertionFailedError">junit.framework.AssertionFailedError
	at RandoopTest0.test124(RandoopTest0.java:6319)
</failure>
  </testcase>
  <testcase classname="RandoopTest0" name="test173" time="0.001">
    <failure type="junit.framework.AssertionFailedError">junit.framework.AssertionFailedError
	at RandoopTest0.test173(RandoopTest0.java:9152)
</failure>
  </testcase>
  <testcase classname="RandoopTest0" name="test115" time="0.0">
    <failure type="junit.framework.AssertionFailedError">junit.framework.AssertionFailedError
	at RandoopTest0.test115(RandoopTest0.java:5825)
</failure>
  </testcase>
  <testcase classname="RandoopTest0" name="test122" time="0.0">
    <failure type="junit.framework.AssertionFailedError">junit.framework.AssertionFailedError
	at RandoopTest0.test122(RandoopTest0.java:6226)
</failure>
  </testcase>
  <testcase classname="RandoopTest0" name="test141" time="0.0">
    <error message="B.m()I" type="java.lang.NoSuchMethodError">java.lang.NoSuchMethodError: B.m()I
	at RandoopTest0.test141(RandoopTest0.java:7228)
</error>
  </testcase>
  <testcase classname="RandoopTest0" name="test162" time="0.0">
    <failure type="junit.framework.AssertionFailedError">junit.framework.AssertionFailedError
	at RandoopTest0.test162(RandoopTest0.java:8542)
</failure>
  </testcase>
  <testcase classname="RandoopTest0" name="test118" time="0.0">
    <failure type="junit.framework.AssertionFailedError">junit.framework.AssertionFailedError
	at RandoopTest0.test118(RandoopTest0.java:5983)
</failure>
  </testcase>
  <testcase classname="RandoopTest0" name="test133" time="0.0">
    <error message="B.m()I" type="java.lang.NoSuchMethodError">java.lang.NoSuchMethodError: B.m()I
	at RandoopTest0.test133(RandoopTest0.java:6813)
</error>
  </testcase>
  <testcase classname="RandoopTest0" name="test134" time="0.001">
    <failure type="junit.framework.AssertionFailedError">junit.framework.AssertionFailedError
	at RandoopTest0.test134(RandoopTest0.java:6866)
</failure>
  </testcase>
  <testcase classname="RandoopTest0" name="test138" time="0.0">
    <failure type="junit.framework.AssertionFailedError">junit.framework.AssertionFailedError
	at RandoopTest0.test138(RandoopTest0.java:7101)
</failure>
  </testcase>
  <testcase classname="RandoopTest0" name="test165" time="0.0">
    <error message="B.m()I" type="java.lang.NoSuchMethodError">java.lang.NoSuchMethodError: B.m()I
	at RandoopTest0.test165(RandoopTest0.java:8705)
</error>
  </testcase>
  <testcase classname="RandoopTest0" name="test167" time="0.0">
    <error message="B.m()I" type="java.lang.NoSuchMethodError">java.lang.NoSuchMethodError: B.m()I
	at RandoopTest0.test167(RandoopTest0.java:8818)
</error>
  </testcase>
  <testcase classname="RandoopTest0" name="test149" time="0.001">
    <failure type="junit.framework.AssertionFailedError">junit.framework.AssertionFailedError
	at RandoopTest0.test149(RandoopTest0.java:7704)
</failure>
  </testcase>
  <testcase classname="RandoopTest0" name="test152" time="0.0">
    <failure type="junit.framework.AssertionFailedError">junit.framework.AssertionFailedError
	at RandoopTest0.test152(RandoopTest0.java:7930)
</failure>
  </testcase>
  <testcase classname="RandoopTest0" name="test176" time="0.0">
    <error message="B.m()I" type="java.lang.NoSuchMethodError">java.lang.NoSuchMethodError: B.m()I
	at RandoopTest0.test176(RandoopTest0.java:9330)
</error>
  </testcase>
  <testcase classname="RandoopTest0" name="test128" time="0.0">
    <error message="B.m()I" type="java.lang.NoSuchMethodError">java.lang.NoSuchMethodError: B.m()I
	at RandoopTest0.test128(RandoopTest0.java:6551)
</error>
  </testcase>
  <testcase classname="RandoopTest0" name="test136" time="0.001">
    <failure type="junit.framework.AssertionFailedError">junit.framework.AssertionFailedError
	at RandoopTest0.test136(RandoopTest0.java:7000)
</failure>
  </testcase>
  <testcase classname="RandoopTest0" name="test129" time="0.0">
    <failure type="junit.framework.AssertionFailedError">junit.framework.AssertionFailedError
	at RandoopTest0.test129(RandoopTest0.java:6599)
</failure>
  </testcase>
  <testcase classname="RandoopTest0" name="test130" time="0.0">
    <error message="B.m()I" type="java.lang.NoSuchMethodError">java.lang.NoSuchMethodError: B.m()I
	at RandoopTest0.test130(RandoopTest0.java:6641)
</error>
  </testcase>
  <testcase classname="RandoopTest0" name="test120" time="0.001">
    <error message="B.m()I" type="java.lang.NoSuchMethodError">java.lang.NoSuchMethodError: B.m()I
	at RandoopTest0.test120(RandoopTest0.java:6101)
</error>
  </testcase>
  <testcase classname="RandoopTest0" name="test135" time="0.0">
    <failure type="junit.framework.AssertionFailedError">junit.framework.AssertionFailedError
	at RandoopTest0.test135(RandoopTest0.java:6921)
</failure>
  </testcase>
  <testcase classname="RandoopTest0" name="test123" time="0.0">
    <failure type="junit.framework.AssertionFailedError">junit.framework.AssertionFailedError
	at RandoopTest0.test123(RandoopTest0.java:6272)
</failure>
  </testcase>
  <testcase classname="RandoopTest0" name="test131" time="0.0">
    <failure type="junit.framework.AssertionFailedError">junit.framework.AssertionFailedError
	at RandoopTest0.test131(RandoopTest0.java:6706)
</failure>
  </testcase>
  <testcase classname="RandoopTest0" name="test132" time="0.074">
    <failure type="junit.framework.AssertionFailedError">junit.framework.AssertionFailedError
	at RandoopTest0.test132(RandoopTest0.java:6772)
</failure>
  </testcase>
  <testcase classname="RandoopTest0" name="test137" time="0.002">
    <failure type="junit.framework.AssertionFailedError">junit.framework.AssertionFailedError
	at RandoopTest0.test137(RandoopTest0.java:7057)
</failure>
  </testcase>
  <testcase classname="RandoopTest0" name="test142" time="0.001">
    <failure type="junit.framework.AssertionFailedError">junit.framework.AssertionFailedError
	at RandoopTest0.test142(RandoopTest0.java:7294)
</failure>
  </testcase>
  <testcase classname="RandoopTest0" name="test140" time="0.001">
    <error message="B.m()I" type="java.lang.NoSuchMethodError">java.lang.NoSuchMethodError: B.m()I
	at RandoopTest0.test140(RandoopTest0.java:7178)
</error>
  </testcase>
  <testcase classname="RandoopTest0" name="test145" time="0.001">
    <error message="B.m()I" type="java.lang.NoSuchMethodError">java.lang.NoSuchMethodError: B.m()I
	at RandoopTest0.test145(RandoopTest0.java:7458)
</error>
  </testcase>
  <testcase classname="RandoopTest0" name="test146" time="0.002">
    <failure type="junit.framework.AssertionFailedError">junit.framework.AssertionFailedError
	at RandoopTest0.test146(RandoopTest0.java:7528)
</failure>
  </testcase>
  <testcase classname="RandoopTest0" name="test147" time="0.001">
    <error message="B.m()I" type="java.lang.NoSuchMethodError">java.lang.NoSuchMethodError: B.m()I
	at RandoopTest0.test147(RandoopTest0.java:7584)
</error>
  </testcase>
  <testcase classname="RandoopTest0" name="test148" time="0.001">
    <failure type="junit.framework.AssertionFailedError">junit.framework.AssertionFailedError
	at RandoopTest0.test148(RandoopTest0.java:7649)
</failure>
  </testcase>
  <testcase classname="RandoopTest0" name="test154" time="0.001">
    <failure type="junit.framework.AssertionFailedError">junit.framework.AssertionFailedError
	at RandoopTest0.test154(RandoopTest0.java:8044)
</failure>
  </testcase>
  <testcase classname="RandoopTest0" name="test159" time="0.001">
    <error message="B.m()I" type="java.lang.NoSuchMethodError">java.lang.NoSuchMethodError: B.m()I
	at RandoopTest0.test159(RandoopTest0.java:8332)
</error>
  </testcase>
  <testcase classname="RandoopTest0" name="test160" time="0.001">
    <error message="B.m()I" type="java.lang.NoSuchMethodError">java.lang.NoSuchMethodError: B.m()I
	at RandoopTest0.test160(RandoopTest0.java:8383)
</error>
  </testcase>
  <testcase classname="RandoopTest0" name="test161" time="0.002">
    <error message="B.m()I" type="java.lang.NoSuchMethodError">java.lang.NoSuchMethodError: B.m()I
	at RandoopTest0.test161(RandoopTest0.java:8440)
</error>
  </testcase>
  <testcase classname="RandoopTest0" name="test166" time="0.002">
    <error message="B.m()I" type="java.lang.NoSuchMethodError">java.lang.NoSuchMethodError: B.m()I
	at RandoopTest0.test166(RandoopTest0.java:8761)
</error>
  </testcase>
  <testcase classname="RandoopTest0" name="test178" time="0.002">
    <error message="B.m()I" type="java.lang.NoSuchMethodError">java.lang.NoSuchMethodError: B.m()I
	at RandoopTest0.test178(RandoopTest0.java:9433)
</error>
  </testcase>
  <testcase classname="RandoopTest0" name="test180" time="0.002">
    <error message="B.m()I" type="java.lang.NoSuchMethodError">java.lang.NoSuchMethodError: B.m()I
	at RandoopTest0.test180(RandoopTest0.java:9537)
</error>
  </testcase>
  <testcase classname="RandoopTest0" name="test188" time="0.001">
    <error message="B.m()I" type="java.lang.NoSuchMethodError">java.lang.NoSuchMethodError: B.m()I
	at RandoopTest0.test188(RandoopTest0.java:9979)
</error>
  </testcase>
  <testcase classname="RandoopTest0" name="test183" time="0.002">
    <error message="B.m()I" type="java.lang.NoSuchMethodError">java.lang.NoSuchMethodError: B.m()I
	at RandoopTest0.test183(RandoopTest0.java:9722)
</error>
  </testcase>
  <testcase classname="RandoopTest0" name="test186" time="0.002">
    <error message="B.m()I" type="java.lang.NoSuchMethodError">java.lang.NoSuchMethodError: B.m()I
	at RandoopTest0.test186(RandoopTest0.java:9861)
</error>
  </testcase>
  <testcase classname="RandoopTest0" name="test179" time="0.001">
    <error message="B.m()I" type="java.lang.NoSuchMethodError">java.lang.NoSuchMethodError: B.m()I
	at RandoopTest0.test179(RandoopTest0.java:9484)
</error>
  </testcase>
  <testcase classname="RandoopTest0" name="test181" time="0.002">
    <error message="B.m()I" type="java.lang.NoSuchMethodError">java.lang.NoSuchMethodError: B.m()I
	at RandoopTest0.test181(RandoopTest0.java:9596)
</error>
  </testcase>
  <testcase classname="RandoopTest0" name="test182" time="0.0">
    <error message="B.m()I" type="java.lang.NoSuchMethodError">java.lang.NoSuchMethodError: B.m()I
	at RandoopTest0.test182(RandoopTest0.java:9649)
</error>
  </testcase>
  <testcase classname="RandoopTest0" name="test187" time="0.001">
    <failure type="junit.framework.AssertionFailedError">junit.framework.AssertionFailedError
	at RandoopTest0.test187(RandoopTest0.java:9934)
</failure>
  </testcase>
  <testcase classname="RandoopTest0" name="test185" time="0.0">
    <failure type="junit.framework.AssertionFailedError">junit.framework.AssertionFailedError
	at RandoopTest0.test185(RandoopTest0.java:9831)
</failure>
  </testcase>
  <testcase classname="RandoopTest0" name="test184" time="0.001">
    <error message="B.m()I" type="java.lang.NoSuchMethodError">java.lang.NoSuchMethodError: B.m()I
	at RandoopTest0.test184(RandoopTest0.java:9771)
</error>
  </testcase>
  <system-out><![CDATA[EMMA: collecting runtime coverage data ...
]]></system-out>
  <system-err><![CDATA[]]></system-err>
</testsuite>
