<?xml version="1.0" encoding="UTF-8" ?>
<testsuite errors="0" failures="0" hostname="nom0059649.nomadic.ncsu.edu" name="RandoopTest0" tests="3" time="0.103" timestamp="2012-12-19T19:22:44">
  <properties>
[...]
</properties>
  <testcase classname="RandoopTest0" name="test1" time="0.0020" />
  <testcase classname="RandoopTest0" name="test2" time="0.0010" />
  <testcase classname="RandoopTest0" name="test3" time="0.0010" />
  <system-out><![CDATA[]]></system-out>
  <system-err><![CDATA[]]></system-err>
</testsuite>
