<?xml version="1.0" encoding="UTF-8" ?>
<testsuite errors="0" failures="0" hostname="nom0059649.nomadic.ncsu.edu" name="RandoopTest0" tests="77" time="0.195" timestamp="2012-12-20T15:21:09">
  <properties>
[...]
</properties>
  <testcase classname="RandoopTest0" name="test1" time="0.0030" />
  <testcase classname="RandoopTest0" name="test2" time="0.0" />
  <testcase classname="RandoopTest0" name="test3" time="0.0" />
  <testcase classname="RandoopTest0" name="test4" time="0.0" />
  <testcase classname="RandoopTest0" name="test5" time="0.0010" />
  <testcase classname="RandoopTest0" name="test6" time="0.0" />
  <testcase classname="RandoopTest0" name="test7" time="0.0010" />
  <testcase classname="RandoopTest0" name="test8" time="0.0" />
  <testcase classname="RandoopTest0" name="test9" time="0.0" />
  <testcase classname="RandoopTest0" name="test10" time="0.0" />
  <testcase classname="RandoopTest0" name="test11" time="0.0" />
  <testcase classname="RandoopTest0" name="test12" time="0.0010" />
  <testcase classname="RandoopTest0" name="test13" time="0.0010" />
  <testcase classname="RandoopTest0" name="test14" time="0.0010" />
  <testcase classname="RandoopTest0" name="test15" time="0.0" />
  <testcase classname="RandoopTest0" name="test16" time="0.0010" />
  <testcase classname="RandoopTest0" name="test17" time="0.0010" />
  <testcase classname="RandoopTest0" name="test18" time="0.0010" />
  <testcase classname="RandoopTest0" name="test19" time="0.0010" />
  <testcase classname="RandoopTest0" name="test20" time="0.0010" />
  <testcase classname="RandoopTest0" name="test21" time="0.0010" />
  <testcase classname="RandoopTest0" name="test22" time="0.0010" />
  <testcase classname="RandoopTest0" name="test23" time="0.0010" />
  <testcase classname="RandoopTest0" name="test24" time="0.0010" />
  <testcase classname="RandoopTest0" name="test25" time="0.0" />
  <testcase classname="RandoopTest0" name="test26" time="0.0010" />
  <testcase classname="RandoopTest0" name="test27" time="0.0" />
  <testcase classname="RandoopTest0" name="test28" time="0.0" />
  <testcase classname="RandoopTest0" name="test29" time="0.0" />
  <testcase classname="RandoopTest0" name="test30" time="0.0020" />
  <testcase classname="RandoopTest0" name="test31" time="0.0010" />
  <testcase classname="RandoopTest0" name="test32" time="0.0010" />
  <testcase classname="RandoopTest0" name="test33" time="0.0" />
  <testcase classname="RandoopTest0" name="test34" time="0.0" />
  <testcase classname="RandoopTest0" name="test35" time="0.0010" />
  <testcase classname="RandoopTest0" name="test36" time="0.0010" />
  <testcase classname="RandoopTest0" name="test37" time="0.0010" />
  <testcase classname="RandoopTest0" name="test38" time="0.0010" />
  <testcase classname="RandoopTest0" name="test39" time="0.0010" />
  <testcase classname="RandoopTest0" name="test40" time="0.0" />
  <testcase classname="RandoopTest0" name="test41" time="0.0" />
  <testcase classname="RandoopTest0" name="test42" time="0.0060" />
  <testcase classname="RandoopTest0" name="test43" time="0.0010" />
  <testcase classname="RandoopTest0" name="test44" time="0.0010" />
  <testcase classname="RandoopTest0" name="test45" time="0.0010" />
  <testcase classname="RandoopTest0" name="test46" time="0.0010" />
  <testcase classname="RandoopTest0" name="test47" time="0.0010" />
  <testcase classname="RandoopTest0" name="test48" time="0.0010" />
  <testcase classname="RandoopTest0" name="test49" time="0.0010" />
  <testcase classname="RandoopTest0" name="test50" time="0.0010" />
  <testcase classname="RandoopTest0" name="test51" time="0.0010" />
  <testcase classname="RandoopTest0" name="test52" time="0.0010" />
  <testcase classname="RandoopTest0" name="test53" time="0.0080" />
  <testcase classname="RandoopTest0" name="test54" time="0.0010" />
  <testcase classname="RandoopTest0" name="test55" time="0.0" />
  <testcase classname="RandoopTest0" name="test56" time="0.0040" />
  <testcase classname="RandoopTest0" name="test57" time="0.0010" />
  <testcase classname="RandoopTest0" name="test58" time="0.0010" />
  <testcase classname="RandoopTest0" name="test59" time="0.0" />
  <testcase classname="RandoopTest0" name="test60" time="0.0" />
  <testcase classname="RandoopTest0" name="test61" time="0.0" />
  <testcase classname="RandoopTest0" name="test62" time="0.0050" />
  <testcase classname="RandoopTest0" name="test63" time="0.0" />
  <testcase classname="RandoopTest0" name="test64" time="0.0010" />
  <testcase classname="RandoopTest0" name="test65" time="0.0010" />
  <testcase classname="RandoopTest0" name="test66" time="0.0020" />
  <testcase classname="RandoopTest0" name="test67" time="0.0010" />
  <testcase classname="RandoopTest0" name="test68" time="0.0" />
  <testcase classname="RandoopTest0" name="test69" time="0.0" />
  <testcase classname="RandoopTest0" name="test70" time="0.0" />
  <testcase classname="RandoopTest0" name="test71" time="0.0" />
  <testcase classname="RandoopTest0" name="test72" time="0.0010" />
  <testcase classname="RandoopTest0" name="test73" time="0.0010" />
  <testcase classname="RandoopTest0" name="test74" time="0.0010" />
  <testcase classname="RandoopTest0" name="test75" time="0.0" />
  <testcase classname="RandoopTest0" name="test76" time="0.0" />
  <testcase classname="RandoopTest0" name="test77" time="0.0" />
  <system-out><![CDATA[teste20
teste20
teste40
teste20
teste20
teste40
teste20
teste20
teste40
teste20
teste20
teste40
teste20
teste20
teste40
teste20
teste20
teste40
teste20
teste20
teste40
teste20
teste20
teste40
teste20
teste20
teste40
teste20
teste20
teste40
teste20
teste20
teste40
teste20
teste20
teste40
teste20
teste20
teste40
teste20
teste20
teste40
teste20
teste20
teste40
teste20
teste20
teste40
teste20
teste20
teste40
teste20
teste20
teste40
teste20
teste20
teste40
teste20
teste20
teste40
teste20
teste20
teste40
teste20
teste20
teste40
teste20
teste20
teste40
teste20
teste20
teste40
teste20
teste20
teste40
teste20
teste20
teste40
teste20
teste20
teste40
teste20
teste20
teste40
teste20
teste20
teste40
teste20
teste20
teste40
teste20
teste20
teste40
teste20
teste20
teste40
teste20
teste20
teste40
teste20
teste20
teste40
teste20
teste20
teste40
teste20
teste20
teste40
teste20
teste20
teste40
teste20
teste20
teste40
teste20
teste20
teste40
teste20
teste20
teste40
teste20
teste20
teste40
teste20
teste20
teste40
teste20
teste20
teste40
teste20
teste20
teste40
teste20
teste20
teste40
teste20
teste20
teste40
teste20
teste20
teste40
teste20
teste20
teste40
teste20
teste20
teste40
teste20
teste20
teste40
teste20
teste20
teste40
teste20
teste20
teste40
teste20
teste20
teste40
teste20
teste20
teste40
teste20
teste20
teste40
teste20
teste20
teste40
teste20
teste20
teste40
teste20
teste20
teste40
teste20
teste20
teste40
teste20
teste20
teste40
teste20
teste20
teste40
teste20
teste20
teste40
teste20
teste20
teste40
teste20
teste20
teste40
teste20
teste20
teste40
teste20
teste20
teste40
teste20
teste20
teste40
teste20
teste20
teste40
teste20
teste20
teste40
teste20
teste20
teste40
teste20
teste20
teste40
teste20
teste20
teste40
teste20
teste20
teste40
teste20
teste20
teste40
teste20
teste20
teste40
teste20
teste20
teste40
teste20
teste20
teste40
teste20
teste20
teste40
teste20
teste20
teste40
teste20
teste20
teste40
teste20
teste20
teste40
teste20
teste20
teste40
teste20
teste20
teste40
teste20
teste20
teste40
teste20
teste20
teste40
teste20
teste20
teste40
teste20
teste20
teste40
teste20
teste20
teste40
teste20
teste20
teste40
teste20
teste20
teste40
teste20
teste20
teste40
teste20
teste20
teste40
teste20
teste20
teste40
teste20
teste20
teste40
teste20
teste20
teste40
teste20
teste20
teste40
teste20
teste20
teste40
teste20
teste20
teste40
teste20
teste20
teste40
teste20
teste20
teste40
teste20
teste20
teste40
teste20
teste20
teste40
teste20
teste20
teste40
teste20
teste20
teste40
teste20
teste20
teste40
teste20
teste20
teste40
teste20
teste20
teste40
teste20
teste20
teste40
teste20
teste20
teste40
teste20
teste20
teste40
teste20
teste20
teste40
teste20
teste20
teste40
teste20
teste20
teste40
teste20
teste20
teste40
teste20
teste20
teste40
teste20
teste20
teste40
teste20
teste20
teste40
teste20
teste20
teste40
teste20
teste20
teste40
teste20
teste20
teste40
teste20
teste20
teste40
teste20
teste20
teste40
teste20
teste20
teste40
teste20
teste20
teste40
teste20
teste20
teste40
teste20
teste20
teste40
teste20
teste20
teste40
teste20
teste20
teste40
teste20
teste20
teste40
teste20
teste20
teste40
teste20
teste20
teste40
teste20
teste20
teste40
teste20
teste20
teste40
teste20
teste20
teste40
teste20
teste20
teste40
teste20
teste20
teste40
teste20
teste20
teste40
teste20
teste20
teste40
teste20
teste20
teste40
teste20
teste20
teste40
teste20
teste20
teste40
teste20
teste20
teste40
teste20
teste20
teste40
teste20
teste20
teste40
teste20
teste20
teste40
teste20
teste20
teste40
teste20
teste20
teste40
teste20
teste20
teste40
teste20
teste20
teste40
teste20
teste20
teste40
teste20
teste20
teste40
teste20
teste20
teste40
teste20
teste20
teste40
teste20
teste20
teste40
teste20
teste20
teste40
teste20
teste20
teste40
teste20
teste20
teste40
teste20
teste20
teste40
teste20
teste20
teste40
teste20
teste20
teste40
teste20
teste20
teste40
teste20
teste20
teste40
teste20
teste20
teste40
teste20
teste20
teste40
teste20
teste20
teste40
teste20
teste20
teste40
teste20
teste20
teste40
teste20
teste20
teste40
teste20
teste20
teste40
teste20
teste20
teste40
teste20
teste20
teste40
teste20
teste20
teste40
teste20
teste20
teste40
teste20
teste20
teste40
teste20
teste20
teste40
teste20
teste20
teste40
teste20
teste20
teste40
teste20
teste20
teste40
teste20
teste20
teste40
teste20
teste20
teste40
teste20
teste20
teste40
teste20
teste20
teste40
teste20
teste20
teste40
teste20
teste20
teste40
teste20
teste20
teste40
teste20
teste20
teste40
teste20
teste20
teste40
teste20
teste20
teste40
teste20
teste20
teste40
teste20
teste20
teste40
teste20
teste20
teste40
teste20
teste20
teste40
teste20
teste20
teste40
teste20
teste20
teste40
teste20
teste20
teste40
teste20
teste20
teste40
teste20
teste20
teste40
teste20
teste20
teste40
teste20
teste20
teste40
teste20
teste20
teste40
teste20
teste20
teste40
teste20
teste20
teste40
teste20
teste20
teste40
teste20
teste20
teste40
teste20
teste20
teste40
teste20
teste20
teste40
teste20
teste20
teste40
teste20
teste20
teste40
teste20
teste20
teste40
teste20
teste20
teste40
teste20
teste20
teste40
teste20
teste20
teste40
teste20
teste20
teste40
teste20
teste20
teste40
teste20
teste20
teste40
teste20
teste20
teste40
teste20
teste20
teste40
teste20
teste20
teste40
teste20
teste20
teste40
teste20
teste20
teste40
teste20
teste20
teste40
teste20
teste20
teste40
teste20
teste20
teste40
teste20
teste20
teste40
teste20
teste20
teste40
teste20
teste20
teste40
teste20
teste20
teste40
teste20
teste20
teste40
teste20
teste20
teste40
teste20
teste20
teste40
teste20
teste20
teste40
teste20
teste20
teste40
teste20
teste20
teste40
teste20
teste20
teste40
teste20
teste20
teste40
teste20
teste20
teste40
teste20
teste20
teste40
teste20
teste20
teste40
teste20
teste20
teste40
teste20
teste20
teste40
teste20
teste20
teste40
teste20
teste20
teste40
teste20
teste20
teste40
teste20
teste20
teste40
teste20
teste20
teste40
teste20
teste20
teste40
teste20
teste20
teste40
teste20
teste20
teste40
teste20
teste20
teste40
teste20
teste20
teste40
teste20
teste20
teste40
teste20
teste20
teste40
teste20
teste20
teste40
teste20
teste20
teste40
teste20
teste20
teste40
teste20
teste20
teste40
teste20
teste20
teste40
teste20
teste20
teste40
teste20
teste20
teste40
teste20
teste20
teste40
teste20
teste20
teste40
teste20
teste20
teste40
teste20
teste20
teste40
teste20
teste20
teste40
teste20
teste20
teste40
teste20
teste20
teste40
teste20
teste20
teste40
teste20
teste20
teste40
teste20
teste20
teste40
teste20
teste20
teste40
teste20
teste20
teste40
teste20
teste20
teste40
teste20
teste20
teste40
teste20
teste20
teste40
teste20
teste20
teste40
teste20
teste20
teste40
teste20
teste20
teste40
teste20
teste20
teste40
teste20
teste20
teste40
teste20
teste20
teste40
teste20
teste20
teste40
teste20
teste20
teste40
teste20
teste20
teste40
teste20
teste20
teste40
teste20
teste20
teste40
teste20
teste20
teste40
teste20
teste20
teste40
teste20
teste20
teste40
teste20
teste20
teste40
teste20
teste20
teste40
teste20
teste20
teste40
teste20
teste20
teste40
teste20
teste20
teste40
teste20
teste20
teste40
teste20
teste20
teste40
teste20
teste20
teste40
teste20
teste20
teste40
teste20
teste20
teste40
teste20
teste20
teste40
teste20
teste20
teste40
teste20
teste20
teste40
teste20
teste20
teste40
teste20
teste20
teste40
teste20
teste20
teste40
teste20
teste20
teste40
teste20
teste20
teste40
teste20
teste20
teste40
teste20
teste20
teste40
]]></system-out>
  <system-err><![CDATA[]]></system-err>
</testsuite>
